<?xml version="1.0" encoding="UTF-8"?>
<testng-results ignored="0" total="1" passed="1" failed="0" skipped="0">
  <reporter-output>
  </reporter-output>
  <suite started-at="2026-04-28T19:58:52 IST" name="Suite" finished-at="2026-04-28T19:59:12 IST" duration-ms="19973">
    <groups>
    </groups>
    <test started-at="2026-04-28T19:58:52 IST" name="Test" finished-at="2026-04-28T19:59:12 IST" duration-ms="19973">
      <class name="testscript.ManageNewsTest">
        <test-method is-config="true" signature="browserInitinalisation(java.lang.String)[pri:0, instance:testscript.ManageNewsTest@3f191845]" started-at="2026-04-28T19:58:52 IST" name="browserInitinalisation" finished-at="2026-04-28T19:59:04 IST" duration-ms="11187" status="PASS">
          <params>
            <param index="0">
              <value>
                <![CDATA[chrome]]>
              </value>
            </param>
          </params>
          <reporter-output>
          </reporter-output>
        </test-method> <!-- browserInitinalisation -->
        <test-method signature="manageNewsTest()[pri:0, instance:testscript.ManageNewsTest@3f191845]" started-at="2026-04-28T19:59:04 IST" name="manageNewsTest" description="Test case description" finished-at="2026-04-28T19:59:12 IST" duration-ms="8710" status="PASS">
          <reporter-output>
          </reporter-output>
        </test-method> <!-- manageNewsTest -->
        <test-method is-config="true" signature="browserQuit(org.testng.ITestResult)[pri:0, instance:testscript.ManageNewsTest@3f191845]" started-at="2026-04-28T19:59:12 IST" name="browserQuit" finished-at="2026-04-28T19:59:12 IST" duration-ms="2" status="PASS">
          <params>
            <param index="0">
              <value>
                <![CDATA[[TestResult name=manageNewsTest status=SUCCESS method=ManageNewsTest.manageNewsTest()[pri:0, instance:testscript.ManageNewsTest@3f191845] output={null}]]]>
              </value>
            </param>
          </params>
          <reporter-output>
          </reporter-output>
        </test-method> <!-- browserQuit -->
      </class> <!-- testscript.ManageNewsTest -->
    </test> <!-- Test -->
  </suite> <!-- Suite -->
</testng-results>
