<?xml version="1.0" encoding="UTF-8"?>
<testng-results ignored="0" total="1" passed="1" failed="0" skipped="0">
  <reporter-output>
  </reporter-output>
  <suite started-at="2026-04-24T01:15:28 IST" name="Suite" finished-at="2026-04-24T01:15:42 IST" duration-ms="14032">
    <groups>
    </groups>
    <test started-at="2026-04-24T01:15:28 IST" name="Test" finished-at="2026-04-24T01:15:42 IST" duration-ms="14032">
      <class name="testscript.ManageNewsTest">
        <test-method is-config="true" signature="browserInitinalisation(java.lang.String)[pri:0, instance:testscript.ManageNewsTest@765d7657]" started-at="2026-04-24T01:15:28 IST" name="browserInitinalisation" finished-at="2026-04-24T01:15:35 IST" duration-ms="7368" status="PASS">
          <params>
            <param index="0">
              <value>
                <![CDATA[chrome]]>
              </value>
            </param>
          </params>
          <reporter-output>
          </reporter-output>
        </test-method> <!-- browserInitinalisation -->
        <test-method signature="manageNewsTest()[pri:0, instance:testscript.ManageNewsTest@765d7657]" started-at="2026-04-24T01:15:35 IST" name="manageNewsTest" finished-at="2026-04-24T01:15:41 IST" duration-ms="6092" status="PASS">
          <reporter-output>
          </reporter-output>
        </test-method> <!-- manageNewsTest -->
        <test-method is-config="true" signature="browserQuitandClose()[pri:0, instance:testscript.ManageNewsTest@765d7657]" started-at="2026-04-24T01:15:41 IST" name="browserQuitandClose" finished-at="2026-04-24T01:15:42 IST" duration-ms="459" status="PASS">
          <reporter-output>
          </reporter-output>
        </test-method> <!-- browserQuitandClose -->
      </class> <!-- testscript.ManageNewsTest -->
    </test> <!-- Test -->
  </suite> <!-- Suite -->
</testng-results>
