<?xml version="1.0" encoding="UTF-8"?>
<!-- Generated by org.testng.reporters.JUnitReportReporter -->
<testsuite hostname="LAPTOP-2HAPGAP7" failures="0" tests="4" name="testscript.LoginTest" time="28.783" errors="0" timestamp="2026-04-24T01:12:51 IST" skipped="0">
  <testcase classname="testscript.LoginTest" name="verifyLoginFailsWithInvalidUsernameAndInvalidPassword" time="8.072"/>
  <testcase classname="testscript.LoginTest" name="verifyLoginSuccessfullyWithValidUsernameAndValidPassword" time="8.019"/>
  <testcase classname="testscript.LoginTest" name="verifyLoginFailsWithValidUsernameAndInvalidPassword" time="6.306"/>
  <testcase classname="testscript.LoginTest" name="verifyLoginFailsWithInvalidUsernameAndValidPassword" time="6.386"/>
</testsuite> <!-- testscript.LoginTest -->
